<?xml version="1.0" encoding="UTF-8"?>
<Invoice xmlns="urn:oasis:names:specification:ubl:schema:xsd:Invoice-2"
         xmlns:cbc="urn:oasis:names:specification:ubl:schema:xsd:CommonBasicComponents-2"
         xmlns:cac="urn:oasis:names:specification:ubl:schema:xsd:CommonAggregateComponents-2">
    <cbc:CustomizationID>urn:cen.eu:en16931:2017#compliant#urn:xoev-de:kosit:standard:xrechnung_2.2</cbc:CustomizationID>
    <cbc:ProfileID>urn:fdc:peppol.eu:2017:poacc:billing:3.0</cbc:ProfileID>
    <cbc:ID>INV-BR-TEST</cbc:ID>
    <cbc:IssueDate>2025-01-01</cbc:IssueDate>
    <cbc:InvoiceTypeCode>380</cbc:InvoiceTypeCode>
    <cbc:DocumentCurrencyCode>EUR</cbc:DocumentCurrencyCode>
    
    <cac:AccountingSupplierParty>
        <cac:Party>
            <cac:PartyName>
                <cbc:Name>Test Supplier</cbc:Name>
            </cac:PartyName>
        </cac:Party>
    </cac:AccountingSupplierParty>
    
    <cac:AccountingCustomerParty>
        <cac:Party>
            <cac:PartyName>
                <cbc:Name>Test Customer</cbc:Name>
            </cac:PartyName>
        </cac:Party>
    </cac:AccountingCustomerParty>
    
    <cac:InvoiceLine>
        <cbc:ID>1</cbc:ID>
        <cbc:LineExtensionAmount currencyID="EUR">100.00</cbc:LineExtensionAmount>
        <cac:Item>
            <cbc:Name>Test Item</cbc:Name>
        </cac:Item>
        <cac:Price>
            <cbc:PriceAmount currencyID="EUR">100.00</cbc:PriceAmount>
        </cac:Price>
    </cac:InvoiceLine>
    
    <cac:TaxTotal>
        <cbc:TaxAmount currencyID="EUR">19.00</cbc:TaxAmount>
        <cac:TaxSubtotal>
            <cbc:TaxableAmount currencyID="EUR">50.00</cbc:TaxableAmount>
            <cbc:TaxAmount currencyID="EUR">0.00</cbc:TaxAmount>
            <cac:TaxCategory>
                <cbc:ID>Z</cbc:ID>
                <cbc:Percent>0</cbc:Percent>
                <cac:TaxScheme>
                    <cbc:ID>VAT</cbc:ID>
                </cac:TaxScheme>
            </cac:TaxCategory>
        </cac:TaxSubtotal>
    </cac:TaxTotal>
    
    <cac:LegalMonetaryTotal>
        <cbc:TaxExclusiveAmount currencyID="EUR">50.00</cbc:TaxExclusiveAmount>
        <cbc:PayableAmount currencyID="EUR">150.00</cbc:PayableAmount>
    </cac:LegalMonetaryTotal>
</Invoice>