<?xml version="1.0"?><Invoice xmlns="urn:oasis:names:specification:ubl:schema:xsd:Invoice-2"><cbc:ID xmlns:cbc="urn:oasis:names:specification:ubl:schema:xsd:CommonBasicComponents-2">INV-001</cbc:ID></Invoice>
